2023.04.14 21:30:49 INFO  Started: Metals version 0.11.11 in workspace '/Users/abrahaoeneias/Documents/Dev/Java' for client Visual Studio Code 1.77.3.[0m
SLF4J: No SLF4J providers were found.
SLF4J: Defaulting to no-operation (NOP) logger implementation
SLF4J: See https://www.slf4j.org/codes.html#noProviders for further details.
SLF4J: Class path contains SLF4J bindings targeting slf4j-api versions 1.7.x or earlier.
SLF4J: Ignoring binding found at [jar:file:/Users/abrahaoeneias/Library/Caches/Coursier/v1/https/repo1.maven.org/maven2/com/outr/scribe-slf4j_2.13/3.11.0/scribe-slf4j_2.13-3.11.0.jar!/org/slf4j/impl/StaticLoggerBinder.class]
SLF4J: See https://www.slf4j.org/codes.html#ignoredBindings for an explanation.
2023.04.14 21:30:52 INFO  time: initialize in 2.59s[0m
2023.04.14 21:30:57 WARN  Build server is not auto-connectable.[0m
2023.04.14 21:30:57 WARN  no build tool detected in workspace '/Users/abrahaoeneias/Documents/Dev/Java'. The most common cause for this problem is that the editor was opened in the wrong working directory, for example if you use sbt then the workspace directory should contain build.sbt. [0m
2023.04.14 21:30:58 WARN  no build target for: /Users/abrahaoeneias/Documents/Dev/Java/ContaBanco/ContaTerminal.java[0m
abr 14, 2023 9:30:58 PM org.eclipse.lsp4j.jsonrpc.RemoteEndpoint handleCancellation
ADVERTÊNCIA: Unmatched cancel notification for request id 1
2023.04.14 21:31:02 INFO  time: code lens generation in 3.07s[0m
2023.04.14 21:31:11 WARN  no build target for: /Users/abrahaoeneias/Documents/Dev/Java/academia-digital-dio/AcademiaDigitalApplicationTests.java[0m
2023.04.14 21:31:14 INFO  time: code lens generation in 2.13s[0m
2023.04.14 21:31:24 WARN  no build target for: /Users/abrahaoeneias/Documents/Dev/Java/academia-digital-dio/AcademiaDigitalApplicationTests.java[0m
abr 14, 2023 9:31:32 PM org.eclipse.lsp4j.jsonrpc.services.GenericEndpoint notify
INFORMAÇÕES: Unsupported notification method: $/setTrace
2023.04.14 21:31:36 WARN  no build target for: /Users/abrahaoeneias/Documents/Dev/Java/academia-digital-dio/AcademiaDigitalApplicationTests.java[0m
